<?xml version="1.0" encoding="UTF-8"?>
<testsuite name="counter.CounterTest" tests="4" skipped="0" failures="0" errors="0" timestamp="2023-03-26T07:49:56" hostname="LAPTOP-C9J57UBL" time="0.043">
  <properties/>
  <testcase name="incrementTC2()" classname="counter.CounterTest" time="0.032"/>
  <testcase name="resetTC4()" classname="counter.CounterTest" time="0.002"/>
  <testcase name="constructorTC1()" classname="counter.CounterTest" time="0.001"/>
  <testcase name="decrementTC3()" classname="counter.CounterTest" time="0.001"/>
  <system-out><![CDATA[]]></system-out>
  <system-err><![CDATA[]]></system-err>
</testsuite>
